e:\code\darknet-master\windows\yolo\yolo\x64\debug\vc120.pdb
e:\code\darknet-master\windows\yolo\yolo\x64\debug\vc120.idb
e:\code\darknet-master\windows\yolo\yolo\x64\debug\list.obj
e:\code\darknet-master\windows\yolo\yolo\x64\debug\local_layer.obj
e:\code\darknet-master\windows\yolo\yolo\x64\debug\logistic_layer.obj
e:\code\darknet-master\windows\yolo\yolo\x64\debug\lstm_layer.obj
e:\code\darknet-master\windows\yolo\yolo\x64\debug\matrix.obj
e:\code\darknet-master\windows\yolo\yolo\x64\debug\maxpool_layer.obj
e:\code\darknet-master\windows\yolo\yolo\x64\debug\network.obj
e:\code\darknet-master\windows\yolo\yolo\x64\debug\normalization_layer.obj
e:\code\darknet-master\windows\yolo\yolo\x64\debug\option_list.obj
e:\code\darknet-master\windows\yolo\yolo\x64\debug\parser.obj
e:\code\darknet-master\windows\yolo\yolo\x64\debug\region_layer.obj
e:\code\darknet-master\windows\yolo\yolo\x64\debug\reorg_layer.obj
e:\code\darknet-master\windows\yolo\yolo\x64\debug\rnn_layer.obj
e:\code\darknet-master\windows\yolo\yolo\x64\debug\route_layer.obj
e:\code\darknet-master\windows\yolo\yolo\x64\debug\shortcut_layer.obj
e:\code\darknet-master\windows\yolo\yolo\x64\debug\softmax_layer.obj
e:\code\darknet-master\windows\yolo\yolo\x64\debug\tree.obj
e:\code\darknet-master\windows\yolo\yolo\x64\debug\upsample_layer.obj
e:\code\darknet-master\windows\yolo\yolo\x64\debug\utils.obj
e:\code\darknet-master\windows\yolo\yolo\x64\debug\yolo_layer.obj
e:\code\darknet-master\windows\yolo\yolo\x64\debug\box.obj
e:\code\darknet-master\windows\yolo\yolo\x64\debug\col2im.obj
e:\code\darknet-master\windows\yolo\yolo\x64\debug\compare.obj
e:\code\darknet-master\windows\yolo\yolo\x64\debug\connected_layer.obj
e:\code\darknet-master\windows\yolo\yolo\x64\debug\convolutional_layer.obj
e:\code\darknet-master\windows\yolo\yolo\x64\debug\cost_layer.obj
e:\code\darknet-master\windows\yolo\yolo\x64\debug\crnn_layer.obj
e:\code\darknet-master\windows\yolo\yolo\x64\debug\crop_layer.obj
e:\code\darknet-master\windows\yolo\yolo\x64\debug\cuda.obj
e:\code\darknet-master\windows\yolo\yolo\x64\debug\data.obj
e:\code\darknet-master\windows\yolo\yolo\x64\debug\deconvolutional_layer.obj
e:\code\darknet-master\windows\yolo\yolo\x64\debug\demo.obj
e:\code\darknet-master\windows\yolo\yolo\x64\debug\detection_layer.obj
e:\code\darknet-master\windows\yolo\yolo\x64\debug\dropout_layer.obj
e:\code\darknet-master\windows\yolo\yolo\x64\debug\gemm.obj
e:\code\darknet-master\windows\yolo\yolo\x64\debug\gru_layer.obj
e:\code\darknet-master\windows\yolo\yolo\x64\debug\im2col.obj
e:\code\darknet-master\windows\yolo\yolo\x64\debug\image.obj
e:\code\darknet-master\windows\yolo\yolo\x64\debug\l2norm_layer.obj
e:\code\darknet-master\windows\yolo\yolo\x64\debug\layer.obj
e:\code\darknet-master\windows\yolo\yolo\x64\debug\detector.obj
e:\code\darknet-master\windows\yolo\yolo\x64\debug\dice.obj
e:\code\darknet-master\windows\yolo\yolo\x64\debug\go.obj
e:\code\darknet-master\windows\yolo\yolo\x64\debug\lsd.obj
e:\code\darknet-master\windows\yolo\yolo\x64\debug\nightmare.obj
e:\code\darknet-master\windows\yolo\yolo\x64\debug\regressor.obj
e:\code\darknet-master\windows\yolo\yolo\x64\debug\rnn.obj
e:\code\darknet-master\windows\yolo\yolo\x64\debug\rnn_vid.obj
e:\code\darknet-master\windows\yolo\yolo\x64\debug\segmenter.obj
e:\code\darknet-master\windows\yolo\yolo\x64\debug\super.obj
e:\code\darknet-master\windows\yolo\yolo\x64\debug\swag.obj
e:\code\darknet-master\windows\yolo\yolo\x64\debug\tag.obj
e:\code\darknet-master\windows\yolo\yolo\x64\debug\voxel.obj
e:\code\darknet-master\windows\yolo\yolo\x64\debug\writing.obj
e:\code\darknet-master\windows\yolo\yolo\x64\debug\yolo.obj
e:\code\darknet-master\windows\yolo\yolo\x64\debug\activations.obj
e:\code\darknet-master\windows\yolo\yolo\x64\debug\activation_layer.obj
e:\code\darknet-master\windows\yolo\yolo\x64\debug\avgpool_layer.obj
e:\code\darknet-master\windows\yolo\yolo\x64\debug\batchnorm_layer.obj
e:\code\darknet-master\windows\yolo\yolo\x64\debug\blas.obj
e:\code\darknet-master\windows\yolo\yolo\x64\debug\art.obj
e:\code\darknet-master\windows\yolo\yolo\x64\debug\attention.obj
e:\code\darknet-master\windows\yolo\yolo\x64\debug\captcha.obj
e:\code\darknet-master\windows\yolo\yolo\x64\debug\cifar.obj
e:\code\darknet-master\windows\yolo\yolo\x64\debug\classifier.obj
e:\code\darknet-master\windows\yolo\yolo\x64\debug\coco.obj
e:\code\darknet-master\windows\yolo\yolo\x64\debug\darknet.obj
e:\code\darknet-master\windows\yolo\x64\debug\yolo.pdb
e:\code\darknet-master\windows\yolo\yolo\x64\debug\yolo.tlog\cl.command.1.tlog
e:\code\darknet-master\windows\yolo\yolo\x64\debug\yolo.tlog\cl.read.1.tlog
e:\code\darknet-master\windows\yolo\yolo\x64\debug\yolo.tlog\cl.write.1.tlog
e:\code\darknet-master\windows\yolo\yolo\x64\debug\yolo.tlog\link-cvtres.read.1.tlog
e:\code\darknet-master\windows\yolo\yolo\x64\debug\yolo.tlog\link-cvtres.write.1.tlog
e:\code\darknet-master\windows\yolo\yolo\x64\debug\yolo.tlog\link-rc.read.1.tlog
e:\code\darknet-master\windows\yolo\yolo\x64\debug\yolo.tlog\link-rc.write.1.tlog
e:\code\darknet-master\windows\yolo\yolo\x64\debug\yolo.tlog\link.command.1.tlog
e:\code\darknet-master\windows\yolo\yolo\x64\debug\yolo.tlog\link.read.1.tlog
e:\code\darknet-master\windows\yolo\yolo\x64\debug\yolo.tlog\link.write.1.tlog
